[INFO] Scanning for projects...
[WARNING] 
[WARNING] Some problems were encountered while building the effective model for com.foo:scalatesting:jar:1.0-SNAPSHOT
[WARNING] 'build.plugins.plugin.version' is missing for org.scala-tools:maven-scala-plugin @ com.foo:scalatesting:1.0-SNAPSHOT, /data/projects/scalatesting/pom.xml
[WARNING] 'build.plugins.plugin.version' is missing for org.apache.maven.plugins:maven-eclipse-plugin @ com.foo:scalatesting:1.0-SNAPSHOT, /data/projects/scalatesting/pom.xml
[WARNING] 'reporting.plugins.plugin.version' is missing for org.scala-tools:maven-scala-plugin @ com.foo:scalatesting:1.0-SNAPSHOT, /data/projects/scalatesting/pom.xml
[WARNING] 
[WARNING] It is highly recommended to fix these problems because they threaten the stability of your build.
[WARNING] 
[WARNING] For this reason, future Maven versions might no longer support building such malformed projects.
[WARNING] 
[INFO]                                                                         
[INFO] ------------------------------------------------------------------------
[INFO] Building scalatesting 1.0-SNAPSHOT
[INFO] ------------------------------------------------------------------------
Downloading: http://scala-tools.org/repo-releases/org/apache/maven/plugins/maven-eclipse-plugin/maven-metadata.xml
[INFO] 
[INFO] --- maven-resources-plugin:2.4.1:resources (default-resources) @ scalatesting ---
[WARNING] Using platform encoding (UTF-8 actually) to copy filtered resources, i.e. build is platform dependent!
[INFO] skip non existing resourceDirectory /data/projects/scalatesting/src/main/resources
[INFO] 
[INFO] --- maven-compiler-plugin:2.0.2:compile (default-compile) @ scalatesting ---
[INFO] Nothing to compile - all classes are up to date
[INFO] 
[INFO] --- maven-scala-plugin:2.14.1:compile (default) @ scalatesting ---
[INFO] Checking for multiple versions of scala
[INFO] Nothing to compile - all classes are up to date
[INFO] 
[INFO] --- maven-resources-plugin:2.4.1:testResources (default-testResources) @ scalatesting ---
[WARNING] Using platform encoding (UTF-8 actually) to copy filtered resources, i.e. build is platform dependent!
[INFO] skip non existing resourceDirectory /data/projects/scalatesting/src/test/resources
[INFO] 
[INFO] --- maven-compiler-plugin:2.0.2:testCompile (default-testCompile) @ scalatesting ---
[INFO] Nothing to compile - all classes are up to date
[INFO] 
[INFO] --- maven-scala-plugin:2.14.1:testCompile (default) @ scalatesting ---
[INFO] Checking for multiple versions of scala
[INFO] Nothing to compile - all classes are up to date
[INFO] 
[INFO] --- maven-surefire-plugin:2.4.3:test (default-test) @ scalatesting ---
[INFO] Surefire report directory: /data/projects/scalatesting/target/surefire-reports

-------------------------------------------------------
 T E S T S
-------------------------------------------------------
Running com.foo.TestRunner
Tests run: 1, Failures: 0, Errors: 1, Skipped: 0, Time elapsed: 0.07 sec <<< FAILURE!
Running com.foo.TestUtils
Tests run: 1, Failures: 1, Errors: 0, Skipped: 0, Time elapsed: 0.009 sec <<< FAILURE!
Running com.foo.FooTest
Tests run: 2, Failures: 1, Errors: 0, Skipped: 0, Time elapsed: 0.021 sec <<< FAILURE!

Results :

Failed tests: 
  warning(junit.framework.TestSuite$1)
  shouldNotThrowException(com.foo.FooTest)

Tests in error: 
  initializationError(com.foo.TestRunner)

Tests run: 4, Failures: 2, Errors: 1, Skipped: 0

[INFO] ------------------------------------------------------------------------
[INFO] BUILD FAILURE
[INFO] ------------------------------------------------------------------------
[INFO] Total time: 4.081s
[INFO] Finished at: Fri Jul 23 10:03:43 GMT-05:00 2010
[INFO] Final Memory: 3M/504M
[INFO] ------------------------------------------------------------------------
[ERROR] Failed to execute goal org.apache.maven.plugins:maven-surefire-plugin:2.4.3:test (default-test) on project scalatesting: There are test failures.

Please refer to /data/projects/scalatesting/target/surefire-reports for the individual test results.
-> [Help 1]
[ERROR] 
[ERROR] To see the full stack trace of the errors, re-run Maven with the -e switch.
[ERROR] Re-run Maven using the -X switch to enable full debug logging.
[ERROR] 
[ERROR] For more information about the errors and possible solutions, please read the following articles:
[ERROR] [Help 1] http://cwiki.apache.org/confluence/display/MAVEN/MojoFailureException
